[1226/191217.998:INFO:CONSOLE(0)] "Error with Permissions-Policy header: Feature xr-spatial-tracking's parameters are ignored.", source:  (0)
[1226/191217.998:INFO:CONSOLE(0)] "Error with Permissions-Policy header: Origin trial controlled feature not enabled: 'attribution-reporting'.", source:  (0)
[1226/191217.998:INFO:CONSOLE(0)] "Error with Permissions-Policy header: Unrecognized feature: 'compute-pressure'.", source:  (0)
[1226/191217.998:INFO:CONSOLE(0)] "Error with Permissions-Policy header: Origin trial controlled feature not enabled: 'interest-cohort'.", source:  (0)
[1226/191217.998:INFO:CONSOLE(0)] "Error with Permissions-Policy header: Unrecognized feature: 'private-state-token-issuance'.", source:  (0)
[1226/191217.998:INFO:CONSOLE(0)] "Error with Permissions-Policy header: Origin trial controlled feature not enabled: 'shared-storage'.", source:  (0)
[1226/191217.998:INFO:CONSOLE(0)] "Error with Permissions-Policy header: Unrecognized feature: 'shared-storage-select-url'.", source:  (0)
[1226/191217.998:INFO:CONSOLE(0)] "Error with Permissions-Policy header: Unrecognized feature: 'private-state-token-redemption'.", source:  (0)
[1226/191217.998:INFO:CONSOLE(0)] "Error with Permissions-Policy header: Unrecognized feature: 'unload'.", source:  (0)
[1226/191217.999:INFO:CONSOLE(0)] "Error with Permissions-Policy header: Unrecognized feature: 'window-management'.", source:  (0)
[1226/191217.999:INFO:CONSOLE(0)] "Document-Policy HTTP header: Unrecognized document policy feature name include-js-call-stacks-in-crash-reports.", source: https://web.whatsapp.com/ (0)
[1226/191219.393:INFO:CONSOLE(77)] "ErrorUtils caught an error:

multiple-uim-roots

Subsequent non-fatal errors won't be logged; see https://fburl.com/debugjs. [object Object]", source: https://static.whatsapp.net/rsrc.php/v4/yP/r/UnXae5I7-4r.js (77)
[1226/191221.179:INFO:CONSOLE(113)] "Event handler of 'x-storagemutated-1' event must be added on the initial evaluation of worker script.", source: https://static.whatsapp.net/rsrc.php/v4/yw/r/wpTuuOEPLrn.js (113)
[1226/191417.481:ERROR:cache_util_win.cc(20)] Unable to move the cache: Access is denied. (0x5)
[1226/191417.482:ERROR:disk_cache.cc(205)] Unable to create cache
[1226/191417.482:ERROR:gpu_disk_cache.cc(673)] Gpu Cache Creation failed: -2
[1226/191417.482:ERROR:cache_util_win.cc(20)] Unable to move the cache: Access is denied. (0x5)
[1226/191417.484:ERROR:disk_cache.cc(205)] Unable to create cache
[1226/191417.484:ERROR:gpu_disk_cache.cc(673)] Gpu Cache Creation failed: -2
[1226/191419.501:ERROR:cache_util_win.cc(20)] Unable to move the cache: Access is denied. (0x5)
[1226/191419.501:ERROR:disk_cache.cc(205)] Unable to create cache
[1226/191420.323:INFO:CONSOLE(0)] "Error with Permissions-Policy header: Feature xr-spatial-tracking's parameters are ignored.", source:  (0)
[1226/191420.323:INFO:CONSOLE(0)] "Error with Permissions-Policy header: Origin trial controlled feature not enabled: 'attribution-reporting'.", source:  (0)
[1226/191420.323:INFO:CONSOLE(0)] "Error with Permissions-Policy header: Unrecognized feature: 'compute-pressure'.", source:  (0)
[1226/191420.323:INFO:CONSOLE(0)] "Error with Permissions-Policy header: Origin trial controlled feature not enabled: 'interest-cohort'.", source:  (0)
[1226/191420.323:INFO:CONSOLE(0)] "Error with Permissions-Policy header: Unrecognized feature: 'private-state-token-issuance'.", source:  (0)
[1226/191420.323:INFO:CONSOLE(0)] "Error with Permissions-Policy header: Origin trial controlled feature not enabled: 'shared-storage'.", source:  (0)
[1226/191420.323:INFO:CONSOLE(0)] "Error with Permissions-Policy header: Unrecognized feature: 'shared-storage-select-url'.", source:  (0)
[1226/191420.324:INFO:CONSOLE(0)] "Error with Permissions-Policy header: Unrecognized feature: 'private-state-token-redemption'.", source:  (0)
[1226/191420.324:INFO:CONSOLE(0)] "Error with Permissions-Policy header: Unrecognized feature: 'unload'.", source:  (0)
[1226/191420.324:INFO:CONSOLE(0)] "Error with Permissions-Policy header: Unrecognized feature: 'window-management'.", source:  (0)
[1226/191420.324:INFO:CONSOLE(0)] "Document-Policy HTTP header: Unrecognized document policy feature name include-js-call-stacks-in-crash-reports.", source: https://web.whatsapp.com/ (0)
[1226/191420.498:ERROR:service_worker_storage.cc(1933)] Failed to delete the database: Database IO error
[1226/191427.947:ERROR:quota_database.cc(929)] Could not open the quota database, resetting.
[1226/191432.892:ERROR:quota_database.cc(929)] Could not open the quota database, resetting.
[1226/191435.801:ERROR:quota_database.cc(931)] Failed to reset the quota database.
[1226/191435.801:ERROR:quota_database.cc(931)] Failed to reset the quota database.
[1226/191503.885:ERROR:cache_util_win.cc(20)] Unable to move the cache: Access is denied. (0x5)
[1226/191503.885:ERROR:disk_cache.cc(205)] Unable to create cache
[1226/191503.885:ERROR:cache_util_win.cc(20)] Unable to move the cache: Access is denied. (0x5)
[1226/191503.886:ERROR:gpu_disk_cache.cc(673)] Gpu Cache Creation failed: -2
[1226/191503.886:ERROR:disk_cache.cc(205)] Unable to create cache
[1226/191503.886:ERROR:gpu_disk_cache.cc(673)] Gpu Cache Creation failed: -2
[1226/191505.909:ERROR:cache_util_win.cc(20)] Unable to move the cache: Access is denied. (0x5)
[1226/191505.909:ERROR:disk_cache.cc(205)] Unable to create cache
[1226/191506.669:ERROR:cache_util_win.cc(20)] Unable to move the cache: Access is denied. (0x5)
[1226/191506.669:ERROR:cache_util_win.cc(20)] Unable to move the cache: Access is denied. (0x5)
[1226/191506.670:ERROR:disk_cache.cc(205)] Unable to create cache
[1226/191506.670:ERROR:gpu_disk_cache.cc(673)] Gpu Cache Creation failed: -2
[1226/191506.670:ERROR:disk_cache.cc(205)] Unable to create cache
[1226/191506.670:ERROR:gpu_disk_cache.cc(673)] Gpu Cache Creation failed: -2
[1226/191506.724:INFO:CONSOLE(0)] "Error with Permissions-Policy header: Feature xr-spatial-tracking's parameters are ignored.", source:  (0)
[1226/191506.724:INFO:CONSOLE(0)] "Error with Permissions-Policy header: Origin trial controlled feature not enabled: 'attribution-reporting'.", source:  (0)
[1226/191506.725:INFO:CONSOLE(0)] "Error with Permissions-Policy header: Unrecognized feature: 'compute-pressure'.", source:  (0)
[1226/191506.725:INFO:CONSOLE(0)] "Error with Permissions-Policy header: Origin trial controlled feature not enabled: 'interest-cohort'.", source:  (0)
[1226/191506.725:INFO:CONSOLE(0)] "Error with Permissions-Policy header: Unrecognized feature: 'private-state-token-issuance'.", source:  (0)
[1226/191506.725:INFO:CONSOLE(0)] "Error with Permissions-Policy header: Origin trial controlled feature not enabled: 'shared-storage'.", source:  (0)
[1226/191506.725:INFO:CONSOLE(0)] "Error with Permissions-Policy header: Unrecognized feature: 'shared-storage-select-url'.", source:  (0)
[1226/191506.725:INFO:CONSOLE(0)] "Error with Permissions-Policy header: Unrecognized feature: 'private-state-token-redemption'.", source:  (0)
[1226/191506.725:INFO:CONSOLE(0)] "Error with Permissions-Policy header: Unrecognized feature: 'unload'.", source:  (0)
[1226/191506.725:INFO:CONSOLE(0)] "Error with Permissions-Policy header: Unrecognized feature: 'window-management'.", source:  (0)
[1226/191506.725:INFO:CONSOLE(0)] "Document-Policy HTTP header: Unrecognized document policy feature name include-js-call-stacks-in-crash-reports.", source: https://web.whatsapp.com/ (0)
[1226/191506.910:ERROR:service_worker_storage.cc(1933)] Failed to delete the database: Database IO error
[1226/191514.372:ERROR:quota_database.cc(929)] Could not open the quota database, resetting.
[1226/191519.289:ERROR:quota_database.cc(929)] Could not open the quota database, resetting.
[1226/191522.207:ERROR:quota_database.cc(931)] Failed to reset the quota database.
[1226/191522.207:ERROR:quota_database.cc(931)] Failed to reset the quota database.
[1226/191613.508:INFO:CONSOLE(77)] "ErrorUtils caught an error:

page-load-validation-missing-wam-incomplete-ws-timing

Subsequent non-fatal errors won't be logged; see https://fburl.com/debugjs. [object Object]", source: https://static.whatsapp.net/rsrc.php/v4/yP/r/UnXae5I7-4r.js (77)
[1226/191659.913:INFO:CONSOLE(77)] "ErrorUtils caught an error:

page-load-validation-missing-wam-incomplete-ws-timing

Subsequent non-fatal errors won't be logged; see https://fburl.com/debugjs. [object Object]", source: https://static.whatsapp.net/rsrc.php/v4/yP/r/UnXae5I7-4r.js (77)
[1226/191736.628:INFO:CONSOLE(1003)] "Failed to parse video contentType: video/mp4; codecs=avc1.42000a", source: https://static.whatsapp.net/rsrc.php/v4iAM04/ye/l/ar_AR-j/3JJWKHeu5-P.js (1003)
[1226/191736.628:INFO:CONSOLE(1003)] "Failed to parse video contentType: video/mp4; codecs=hev1.1.6.L93.B0", source: https://static.whatsapp.net/rsrc.php/v4iAM04/ye/l/ar_AR-j/3JJWKHeu5-P.js (1003)
[1226/191742.373:INFO:CONSOLE(113)] "Event handler of 'x-storagemutated-1' event must be added on the initial evaluation of worker script.", source: https://static.whatsapp.net/rsrc.php/v4/yw/r/wpTuuOEPLrn.js (113)
[1226/191922.312:INFO:CONSOLE(113)] "Event handler of 'x-storagemutated-1' event must be added on the initial evaluation of worker script.", source: https://static.whatsapp.net/rsrc.php/v4/yw/r/wpTuuOEPLrn.js (113)
[1226/195212.151:INFO:CONSOLE(113)] "Event handler of 'x-storagemutated-1' event must be added on the initial evaluation of worker script.", source: https://static.whatsapp.net/rsrc.php/v4/yw/r/wpTuuOEPLrn.js (113)
[1226/195547.744:INFO:CONSOLE(113)] "Event handler of 'x-storagemutated-1' event must be added on the initial evaluation of worker script.", source: https://static.whatsapp.net/rsrc.php/v4/yw/r/wpTuuOEPLrn.js (113)
[1226/195939.737:INFO:CONSOLE(113)] "Event handler of 'x-storagemutated-1' event must be added on the initial evaluation of worker script.", source: https://static.whatsapp.net/rsrc.php/v4/yw/r/wpTuuOEPLrn.js (113)
