[1226/205452.302:INFO:CONSOLE(113)] "Event handler of 'x-storagemutated-1' event must be added on the initial evaluation of worker script.", source: https://static.whatsapp.net/rsrc.php/v4/yw/r/wpTuuOEPLrn.js (113)
[1226/205452.988:INFO:CONSOLE(0)] "Error with Permissions-Policy header: Feature xr-spatial-tracking's parameters are ignored.", source:  (0)
[1226/205452.988:INFO:CONSOLE(0)] "Error with Permissions-Policy header: Origin trial controlled feature not enabled: 'attribution-reporting'.", source:  (0)
[1226/205452.988:INFO:CONSOLE(0)] "Error with Permissions-Policy header: Unrecognized feature: 'compute-pressure'.", source:  (0)
[1226/205452.989:INFO:CONSOLE(0)] "Error with Permissions-Policy header: Origin trial controlled feature not enabled: 'interest-cohort'.", source:  (0)
[1226/205452.989:INFO:CONSOLE(0)] "Error with Permissions-Policy header: Unrecognized feature: 'private-state-token-issuance'.", source:  (0)
[1226/205452.989:INFO:CONSOLE(0)] "Error with Permissions-Policy header: Origin trial controlled feature not enabled: 'shared-storage'.", source:  (0)
[1226/205452.989:INFO:CONSOLE(0)] "Error with Permissions-Policy header: Unrecognized feature: 'shared-storage-select-url'.", source:  (0)
[1226/205452.989:INFO:CONSOLE(0)] "Error with Permissions-Policy header: Unrecognized feature: 'private-state-token-redemption'.", source:  (0)
[1226/205452.989:INFO:CONSOLE(0)] "Error with Permissions-Policy header: Unrecognized feature: 'unload'.", source:  (0)
[1226/205452.989:INFO:CONSOLE(0)] "Error with Permissions-Policy header: Unrecognized feature: 'window-management'.", source:  (0)
[1226/205452.989:INFO:CONSOLE(0)] "Document-Policy HTTP header: Unrecognized document policy feature name include-js-call-stacks-in-crash-reports.", source: https://web.whatsapp.com/ (0)
[1226/205453.532:INFO:CONSOLE(77)] "ErrorUtils caught an error:

multiple-uim-roots

Subsequent non-fatal errors won't be logged; see https://fburl.com/debugjs. [object Object]", source: https://static.whatsapp.net/rsrc.php/v4/yP/r/UnXae5I7-4r.js (77)
[1226/205534.773:ERROR:cache_util_win.cc(20)] Unable to move the cache: Access is denied. (0x5)
[1226/205534.773:ERROR:cache_util_win.cc(20)] Unable to move the cache: Access is denied. (0x5)
[1226/205534.774:ERROR:disk_cache.cc(205)] Unable to create cache
[1226/205534.774:ERROR:gpu_disk_cache.cc(673)] Gpu Cache Creation failed: -2
[1226/205534.774:ERROR:disk_cache.cc(205)] Unable to create cache
[1226/205534.774:ERROR:gpu_disk_cache.cc(673)] Gpu Cache Creation failed: -2
[1226/205536.806:ERROR:cache_util_win.cc(20)] Unable to move the cache: Access is denied. (0x5)
[1226/205536.807:ERROR:disk_cache.cc(205)] Unable to create cache
[1226/205537.497:ERROR:cache_util_win.cc(20)] Unable to move the cache: Access is denied. (0x5)
[1226/205537.497:ERROR:cache_util_win.cc(20)] Unable to move the cache: Access is denied. (0x5)
[1226/205537.497:ERROR:disk_cache.cc(205)] Unable to create cache
[1226/205537.497:ERROR:gpu_disk_cache.cc(673)] Gpu Cache Creation failed: -2
[1226/205537.497:ERROR:disk_cache.cc(205)] Unable to create cache
[1226/205537.497:ERROR:gpu_disk_cache.cc(673)] Gpu Cache Creation failed: -2
[1226/205537.546:INFO:CONSOLE(0)] "Error with Permissions-Policy header: Feature xr-spatial-tracking's parameters are ignored.", source:  (0)
[1226/205537.547:INFO:CONSOLE(0)] "Error with Permissions-Policy header: Origin trial controlled feature not enabled: 'attribution-reporting'.", source:  (0)
[1226/205537.547:INFO:CONSOLE(0)] "Error with Permissions-Policy header: Unrecognized feature: 'compute-pressure'.", source:  (0)
[1226/205537.547:INFO:CONSOLE(0)] "Error with Permissions-Policy header: Origin trial controlled feature not enabled: 'interest-cohort'.", source:  (0)
[1226/205537.547:INFO:CONSOLE(0)] "Error with Permissions-Policy header: Unrecognized feature: 'private-state-token-issuance'.", source:  (0)
[1226/205537.547:INFO:CONSOLE(0)] "Error with Permissions-Policy header: Origin trial controlled feature not enabled: 'shared-storage'.", source:  (0)
[1226/205537.547:INFO:CONSOLE(0)] "Error with Permissions-Policy header: Unrecognized feature: 'shared-storage-select-url'.", source:  (0)
[1226/205537.547:INFO:CONSOLE(0)] "Error with Permissions-Policy header: Unrecognized feature: 'private-state-token-redemption'.", source:  (0)
[1226/205537.547:INFO:CONSOLE(0)] "Error with Permissions-Policy header: Unrecognized feature: 'unload'.", source:  (0)
[1226/205537.547:INFO:CONSOLE(0)] "Error with Permissions-Policy header: Unrecognized feature: 'window-management'.", source:  (0)
[1226/205537.547:INFO:CONSOLE(0)] "Document-Policy HTTP header: Unrecognized document policy feature name include-js-call-stacks-in-crash-reports.", source: https://web.whatsapp.com/ (0)
[1226/205537.806:ERROR:service_worker_storage.cc(1933)] Failed to delete the database: Database IO error
[1226/205545.127:ERROR:quota_database.cc(929)] Could not open the quota database, resetting.
[1226/205550.066:ERROR:quota_database.cc(929)] Could not open the quota database, resetting.
[1226/205552.973:ERROR:quota_database.cc(931)] Failed to reset the quota database.
[1226/205552.973:ERROR:quota_database.cc(931)] Failed to reset the quota database.
[1226/205553.991:INFO:CONSOLE(113)] "Event handler of 'x-storagemutated-1' event must be added on the initial evaluation of worker script.", source: https://static.whatsapp.net/rsrc.php/v4/yw/r/wpTuuOEPLrn.js (113)
[1226/205609.131:ERROR:gpu_process_host.cc(971)] GPU process exited unexpectedly: exit_code=-1
[1226/205609.131:WARNING:gpu_process_host.cc(1273)] The GPU process has crashed 1 time(s)
